2025-09-23 08:45:42.949 - DBeaver 25.2.1.202509211659 is starting
2025-09-23 08:45:42.952 - OS: Windows 11 10.0 (amd64)
2025-09-23 08:45:42.953 - Java version: 21.0.8 by Eclipse Adoptium (64bit)
2025-09-23 08:45:42.954 - Install path: 'C:\STD\dbeaver'
2025-09-23 08:45:42.954 - Instance path: 'file:/C:/lq-sdk/scm/org-rd-fullstack-springboot-eda/doc/'
2025-09-23 08:45:42.957 - Memory available 64Mb/1024Mb
2025-09-23 08:45:42.974 - Create display
2025-09-23 08:45:43.427 - Initialize desktop platform...
2025-09-23 08:45:44.009 - BounceCastle bundle found. Use JCE provider BC
> Start Core File Systems [org.eclipse.core.filesystem 1.11.200.v20250513-1234]
> Start Core Resource Management [org.eclipse.core.resources 3.22.200.v20250513-1234]
> Start Team Support Core [org.eclipse.team.core 3.10.700.v20250313-0656]
> Start DBeaver UI Navigator [org.jkiss.dbeaver.ui.navigator 1.0.163.202509211659]
2025-09-23 08:45:44.572 - Initialize base platform...
2025-09-23 08:45:44.657 - send collected statistics
2025-09-23 08:45:44.680 - Platform initialized (1252ms)
2025-09-23 08:45:45.121 - Starting instance server at http://localhost:53889
2025-09-23 08:45:45.141 - Run workbench
> Start Eclipse e4 Workbench SWT [org.eclipse.e4.ui.workbench.swt 0.17.800.v20250422-1254]
> Start Eclipse Application Services [org.eclipse.e4.core.services 2.5.200.v20250326-1945]
> Start Eclipse UI Application Services [org.eclipse.e4.ui.services 1.6.500.v20250123-0754]
> Start Eclipse e4 Progress View [org.eclipse.e4.ui.progress 0.4.800.v20250422-1254]
> Start Eclipse Bindings Support [org.eclipse.e4.ui.bindings 0.14.600.v20250331-1050]
> Start Eclipse e4 core commands [org.eclipse.e4.core.commands 1.1.600.v20250307-1331]
> Start EMF XML/XMI Persistence [org.eclipse.emf.ecore.xmi 2.39.0.v20250414-1351]
> Start Eclipse CSS SWT Theme Support [org.eclipse.e4.ui.css.swt.theme 0.14.500.v20250213-1508]
> Start Eclipse e4 Workbench Add-ons [org.eclipse.e4.ui.workbench.addons.swt 1.5.700.v20250422-1254]
> Start Eclipse e4 Workbench SWT Renderer [org.eclipse.e4.ui.workbench.renderers.swt 0.16.800.v20250519-1609]
> Start Eclipse Dependency Injection Extensions [org.eclipse.e4.core.di.extensions 0.18.300.v20240413-1529]
> Start DBeaver AI Model [org.jkiss.dbeaver.model.ai 2.0.6.202509211659]
> Start DBeaver AI UI [org.jkiss.dbeaver.ui.ai 1.0.65.202509211659]
> Start Eclipse CSS SWT Support [org.eclipse.e4.ui.css.swt 0.15.600.v20250409-1135]
2025-09-23 08:45:50.252 - Configure workbench window
> Start DBeaver SQL Model [org.jkiss.dbeaver.model.sql 1.0.153.202509211659]
2025-09-23 08:45:50.917 - Total database drivers: 128 (128)
> Start Help System Core [org.eclipse.help 3.10.500.v20250423-1201]
2025-09-23 08:45:51.075 - Create actions
2025-09-23 08:45:51.094 - Disable Eclipse action set 'org.eclipse.ui.edit.text.actionSet.annotationNavigation'
2025-09-23 08:45:51.095 - Disable Eclipse action set 'org.eclipse.ui.WorkingSetActionSet'
2025-09-23 08:45:51.096 - Disable Eclipse action set 'org.eclipse.ui.actionSet.openFiles'
2025-09-23 08:45:51.097 - Create workbench actions
2025-09-23 08:45:52.592 - Initialize workbench window
2025-09-23 08:45:52.614 - Finish initialization
> Start Default Text Editor [org.eclipse.ui.editors 3.20.0.v20250514-1719]
> Start Text Editor Framework [org.eclipse.ui.workbench.texteditor 3.19.200.v20250514-1719]
> Start Log View [org.eclipse.ui.views.log 1.4.800.v20250426-1716]
> Start DBeaver UI Editors - Data [org.jkiss.dbeaver.ui.editors.data 1.0.163.202509211659]
> Start Equinox Java Authentication and Authorization Service (JAAS) [org.eclipse.equinox.security 1.4.600.v20250521-0413]
> Start Internet Connection Management UI [org.eclipse.ui.net 1.5.400.v20240413-1529]
> Start Internet Connection Management [org.eclipse.core.net 1.5.700.v20250313-0656]
> Start DBeaver UI Editors - SQL [org.jkiss.dbeaver.ui.editors.sql 1.0.163.202509211659]
> Start DBeaver Sample Database [org.jkiss.dbeaver.ui.config.sample 1.0.200.202509211659]
2025-09-23 08:45:57.496 - Open [https://dbeaver.io/product/version.xml]
> Start GEF Classic Draw2d [org.eclipse.draw2d 3.20.0.202505280821]
> Start GEF Classic GEF (MVC) [org.eclipse.gef 3.22.0.202505280821]
> Start DBeaver ERD UI [org.jkiss.dbeaver.ui.editors.erd 3.1.4.202509211659]
> Start DBeaver ERD Model [org.jkiss.dbeaver.model.erd 1.1.4.202509211659]
> Start DBeaver Dashboard UI [org.jkiss.dbeaver.ui.dashboard 1.0.160.202509211659]
2025-09-23 08:46:16.937 - Connect with 'H2 StagingDB' (h2_embedded_v2-1993f1a5cb9-212b3ebca436d09)
> Start DBeaver JDBC Model [org.jkiss.dbeaver.model.jdbc 1.0.56.202509211659]
> Start DBeaver Generic Plug-in [org.jkiss.dbeaver.ext.generic 2.3.249.202509211659]
> Start DBeaver H2 Model [org.jkiss.dbeaver.ext.h2 1.0.218.202509211659]
2025-09-23 08:46:17.075 - Execution context opened (H2 StagingDB; Main; 0)
2025-09-23 08:46:17.582 - Error setting client application name: Client info name 'ApplicationName' not supported.
2025-09-23 08:46:17.746 - Connected (h2_embedded_v2-1993f1a5cb9-212b3ebca436d09, H2 JDBC Driver [2.1.210 (2022-01-17)])
2025-09-23 08:46:24.363 - Can't get column 'KEY_SEQ': Column "KEY_SEQ" not found [42122-210]
> Start DBeaver SQL Language Semantic Model [org.jkiss.dbeaver.model.lsm 1.0.58.202509211659]
> Start DBeaver UI Editors - Entity [org.jkiss.dbeaver.ui.editors.entity 1.0.163.202509211659]
2025-09-23 08:48:11.467 - org.h2.jdbc.JdbcSQLSyntaxErrorException: Cannot drop "CUSTOMER" because "REQUEST_CUSTOMER_FK" depends on it; SQL statement:
DROP TABLE PUBLIC.CUSTOMER [90107-210]
org.h2.jdbc.JdbcSQLSyntaxErrorException: Cannot drop "CUSTOMER" because "REQUEST_CUSTOMER_FK" depends on it; SQL statement:
DROP TABLE PUBLIC.CUSTOMER [90107-210]
	at org.h2.message.DbException.getJdbcSQLException(DbException.java:651)
	at org.h2.message.DbException.getJdbcSQLException(DbException.java:496)
	at org.h2.message.DbException.get(DbException.java:227)
	at org.h2.command.ddl.DropTable.prepareDrop(DropTable.java:97)
	at org.h2.command.ddl.DropTable.update(DropTable.java:121)
	at org.h2.command.CommandContainer.update(CommandContainer.java:174)
	at org.h2.command.Command.executeUpdate(Command.java:252)
	at org.h2.jdbc.JdbcStatement.executeInternal(JdbcStatement.java:252)
	at org.h2.jdbc.JdbcStatement.execute(JdbcStatement.java:223)
	at org.jkiss.dbeaver.model.impl.jdbc.exec.JDBCStatementImpl.execute(JDBCStatementImpl.java:328)
	at org.jkiss.dbeaver.model.impl.jdbc.exec.JDBCStatementImpl.executeStatement(JDBCStatementImpl.java:132)
	at org.jkiss.dbeaver.model.exec.DBExecUtils.executePersistAction(DBExecUtils.java:358)
	at org.jkiss.dbeaver.model.impl.edit.AbstractObjectManager.executePersistAction(AbstractObjectManager.java:40)
	at org.jkiss.dbeaver.model.impl.edit.AbstractCommandContext.executeCommands(AbstractCommandContext.java:198)
	at org.jkiss.dbeaver.model.impl.edit.AbstractCommandContext.saveChanges(AbstractCommandContext.java:125)
	at org.jkiss.dbeaver.ui.navigator.actions.NavigatorHandlerObjectBase$ObjectSaver.run(NavigatorHandlerObjectBase.java:297)
	at org.jkiss.dbeaver.runtime.TasksJob.run(TasksJob.java:58)
	at org.jkiss.dbeaver.model.runtime.AbstractJob.run(AbstractJob.java:119)
	at org.eclipse.core.internal.jobs.Worker.run(Worker.java:63)
2025-09-23 08:49:01.994 - org.h2.jdbc.JdbcSQLSyntaxErrorException: Cannot drop "CUSTOMER" because "REQUEST_CUSTOMER_FK" depends on it; SQL statement:
DROP TABLE PUBLIC.CUSTOMER [90107-210]
org.h2.jdbc.JdbcSQLSyntaxErrorException: Cannot drop "CUSTOMER" because "REQUEST_CUSTOMER_FK" depends on it; SQL statement:
DROP TABLE PUBLIC.CUSTOMER [90107-210]
	at org.h2.message.DbException.getJdbcSQLException(DbException.java:651)
	at org.h2.message.DbException.getJdbcSQLException(DbException.java:496)
	at org.h2.message.DbException.get(DbException.java:227)
	at org.h2.command.ddl.DropTable.prepareDrop(DropTable.java:97)
	at org.h2.command.ddl.DropTable.update(DropTable.java:121)
	at org.h2.command.CommandContainer.update(CommandContainer.java:174)
	at org.h2.command.Command.executeUpdate(Command.java:252)
	at org.h2.jdbc.JdbcStatement.executeInternal(JdbcStatement.java:252)
	at org.h2.jdbc.JdbcStatement.execute(JdbcStatement.java:223)
	at org.jkiss.dbeaver.model.impl.jdbc.exec.JDBCStatementImpl.execute(JDBCStatementImpl.java:328)
	at org.jkiss.dbeaver.model.impl.jdbc.exec.JDBCStatementImpl.executeStatement(JDBCStatementImpl.java:132)
	at org.jkiss.dbeaver.model.exec.DBExecUtils.executePersistAction(DBExecUtils.java:358)
	at org.jkiss.dbeaver.model.impl.edit.AbstractObjectManager.executePersistAction(AbstractObjectManager.java:40)
	at org.jkiss.dbeaver.model.impl.edit.AbstractCommandContext.executeCommands(AbstractCommandContext.java:198)
	at org.jkiss.dbeaver.model.impl.edit.AbstractCommandContext.saveChanges(AbstractCommandContext.java:125)
	at org.jkiss.dbeaver.ui.navigator.actions.NavigatorHandlerObjectBase$ObjectSaver.run(NavigatorHandlerObjectBase.java:297)
	at org.jkiss.dbeaver.runtime.TasksJob.run(TasksJob.java:58)
	at org.jkiss.dbeaver.model.runtime.AbstractJob.run(AbstractJob.java:119)
	at org.eclipse.core.internal.jobs.Worker.run(Worker.java:63)
> Start DBeaver Generic UI Plug-in [org.jkiss.dbeaver.ext.generic.ui 1.0.139.202509211659]
> Start DBeaver SQL Terminal [org.jkiss.dbeaver.ui.editors.sql.terminal 1.0.139.202509211659]
> Start Core Compare Support [org.eclipse.compare.core 3.8.700.v20250120-0641]
> Start Console [org.eclipse.ui.console 3.14.300.v20250509-1251]
> Start Debug Core [org.eclipse.debug.core 3.23.0.v20250509-1924]
> Start DBeaver Data Transfer [org.jkiss.dbeaver.data.transfer 2.0.147.202509211659]
> Start DBeaver GIS Support [org.jkiss.dbeaver.data.gis 1.0.187.202509211659]
2025-09-23 09:09:25.520 - Connect with 'testdb' (h2_embedded_v2-19971ad4474-1061a59c085b58ca)
2025-09-23 09:09:25.533 - Execution context opened (testdb; Main; 1)
2025-09-23 09:09:25.540 - Error setting client application name: Client info name 'ApplicationName' not supported.
2025-09-23 09:09:25.596 - Connected (h2_embedded_v2-19971ad4474-1061a59c085b58ca, H2 JDBC Driver [2.1.210 (2022-01-17)])
2025-09-23 09:09:35.436 - Execution context closed (testdb, 1)
2025-09-23 09:09:35.437 - Disconnected (h2_embedded_v2-19971ad4474-1061a59c085b58ca)
2025-09-23 09:10:45.247 - SQL Error [42101] [42S01]: Table "REQUEST" already exists; SQL statement:
--
-- Request table.
--
CREATE TABLE PUBLIC.REQUEST (
	REQUEST_ID 	INTEGER NOT NULL AUTO_INCREMENT,
	PERSON_ID 	INTEGER,
	ACTION 		INTEGER NOT NULL,
	PRODUCT_ID 	INTEGER,
	QTY 		INTEGER NOT NULL,
	STATUS 		INTEGER NOT NULL,
	
	CONSTRAINT REQUEST_PK         PRIMARY KEY (REQUEST_ID),
	CONSTRAINT REQUEST_PERSON_FK  FOREIGN KEY (PERSON_ID)  REFERENCES PUBLIC.PERSON(PERSON_ID) 
	                              ON DELETE RESTRICT ON UPDATE RESTRICT,
	CONSTRAINT REQUEST_PRODUCT_FK FOREIGN KEY (PRODUCT_ID) REFERENCES PUBLIC.PRODUCT(PRODUCT_ID)
	                              ON DELETE RES [42101-210]
org.jkiss.dbeaver.model.sql.DBSQLException: SQL Error [42101] [42S01]: Table "REQUEST" already exists; SQL statement:
--
-- Request table.
--
CREATE TABLE PUBLIC.REQUEST (
	REQUEST_ID 	INTEGER NOT NULL AUTO_INCREMENT,
	PERSON_ID 	INTEGER,
	ACTION 		INTEGER NOT NULL,
	PRODUCT_ID 	INTEGER,
	QTY 		INTEGER NOT NULL,
	STATUS 		INTEGER NOT NULL,
	
	CONSTRAINT REQUEST_PK         PRIMARY KEY (REQUEST_ID),
	CONSTRAINT REQUEST_PERSON_FK  FOREIGN KEY (PERSON_ID)  REFERENCES PUBLIC.PERSON(PERSON_ID) 
	                              ON DELETE RESTRICT ON UPDATE RESTRICT,
	CONSTRAINT REQUEST_PRODUCT_FK FOREIGN KEY (PRODUCT_ID) REFERENCES PUBLIC.PRODUCT(PRODUCT_ID)
	                              ON DELETE RES [42101-210]
	at org.jkiss.dbeaver.model.impl.jdbc.exec.JDBCStatementImpl.executeStatement(JDBCStatementImpl.java:134)
	at org.jkiss.dbeaver.ui.editors.sql.execute.SQLQueryJob.executeStatement(SQLQueryJob.java:675)
	at org.jkiss.dbeaver.ui.editors.sql.execute.SQLQueryJob.lambda$2(SQLQueryJob.java:568)
	at org.jkiss.dbeaver.model.exec.DBExecUtils.tryExecuteRecover(DBExecUtils.java:189)
	at org.jkiss.dbeaver.ui.editors.sql.execute.SQLQueryJob.executeSingleElement(SQLQueryJob.java:587)
	at org.jkiss.dbeaver.ui.editors.sql.execute.SQLQueryJob.executeSingleQuery(SQLQueryJob.java:449)
	at org.jkiss.dbeaver.ui.editors.sql.execute.SQLQueryJob.extractData(SQLQueryJob.java:1061)
	at org.jkiss.dbeaver.ui.editors.sql.SQLEditor$QueryResultsContainer.readData(SQLEditor.java:4568)
	at org.jkiss.dbeaver.ui.controls.resultset.ResultSetJobDataRead.lambda$0(ResultSetJobDataRead.java:128)
	at org.jkiss.dbeaver.model.exec.DBExecUtils.tryExecuteRecover(DBExecUtils.java:189)
	at org.jkiss.dbeaver.ui.controls.resultset.ResultSetJobDataRead.run(ResultSetJobDataRead.java:126)
	at org.jkiss.dbeaver.ui.controls.resultset.ResultSetViewer$ResultSetDataPumpJob.run(ResultSetViewer.java:5155)
	at org.jkiss.dbeaver.model.runtime.AbstractJob.run(AbstractJob.java:119)
	at org.eclipse.core.internal.jobs.Worker.run(Worker.java:63)
Caused by: org.h2.jdbc.JdbcSQLSyntaxErrorException: Table "REQUEST" already exists; SQL statement:
--
-- Request table.
--
CREATE TABLE PUBLIC.REQUEST (
	REQUEST_ID 	INTEGER NOT NULL AUTO_INCREMENT,
	PERSON_ID 	INTEGER,
	ACTION 		INTEGER NOT NULL,
	PRODUCT_ID 	INTEGER,
	QTY 		INTEGER NOT NULL,
	STATUS 		INTEGER NOT NULL,
	
	CONSTRAINT REQUEST_PK         PRIMARY KEY (REQUEST_ID),
	CONSTRAINT REQUEST_PERSON_FK  FOREIGN KEY (PERSON_ID)  REFERENCES PUBLIC.PERSON(PERSON_ID) 
	                              ON DELETE RESTRICT ON UPDATE RESTRICT,
	CONSTRAINT REQUEST_PRODUCT_FK FOREIGN KEY (PRODUCT_ID) REFERENCES PUBLIC.PRODUCT(PRODUCT_ID)
	                              ON DELETE RES [42101-210]
	at org.h2.message.DbException.getJdbcSQLException(DbException.java:521)
	at org.h2.message.DbException.getJdbcSQLException(DbException.java:496)
	at org.h2.message.DbException.get(DbException.java:227)
	at org.h2.message.DbException.get(DbException.java:203)
	at org.h2.command.ddl.CreateTable.update(CreateTable.java:88)
	at org.h2.command.CommandContainer.update(CommandContainer.java:174)
	at org.h2.command.Command.executeUpdate(Command.java:252)
	at org.h2.jdbc.JdbcStatement.executeInternal(JdbcStatement.java:252)
	at org.h2.jdbc.JdbcStatement.execute(JdbcStatement.java:223)
	at org.jkiss.dbeaver.model.impl.jdbc.exec.JDBCStatementImpl.execute(JDBCStatementImpl.java:328)
	at org.jkiss.dbeaver.model.impl.jdbc.exec.JDBCStatementImpl.executeStatement(JDBCStatementImpl.java:132)
	... 13 more
> Start DBeaver Tasks View [org.jkiss.dbeaver.tasks.ui.view 1.0.112.202509211659]
> Start DBeaver Tasks - General UI [org.jkiss.dbeaver.tasks.ui 1.0.141.202509211659]
> Start DBeaver PostgreSQL Model [org.jkiss.dbeaver.ext.postgresql 2.1.236.202509211659]
> Start DBeaver PostgreSQL UI [org.jkiss.dbeaver.ext.postgresql.ui 1.0.139.202509211659]
2025-09-23 09:16:09.097 - Paste error: clipboard contains data in unsupported format
> Start org.jkiss.bundle.gis [org.jkiss.bundle.gis 2.0.8]
2025-09-23 09:17:51.217 - SQL Error [90107] [90107]: Cannot drop "PERSON" because "REQUEST_PERSON_FK" depends on it; SQL statement:
DROP TABLE IF EXISTS PUBLIC.PERSON [90107-210]
org.jkiss.dbeaver.model.sql.DBSQLException: SQL Error [90107] [90107]: Cannot drop "PERSON" because "REQUEST_PERSON_FK" depends on it; SQL statement:
DROP TABLE IF EXISTS PUBLIC.PERSON [90107-210]
	at org.jkiss.dbeaver.model.impl.jdbc.exec.JDBCStatementImpl.executeStatement(JDBCStatementImpl.java:134)
	at org.jkiss.dbeaver.ui.editors.sql.execute.SQLQueryJob.executeStatement(SQLQueryJob.java:675)
	at org.jkiss.dbeaver.ui.editors.sql.execute.SQLQueryJob.lambda$2(SQLQueryJob.java:568)
	at org.jkiss.dbeaver.model.exec.DBExecUtils.tryExecuteRecover(DBExecUtils.java:189)
	at org.jkiss.dbeaver.ui.editors.sql.execute.SQLQueryJob.executeSingleElement(SQLQueryJob.java:587)
	at org.jkiss.dbeaver.ui.editors.sql.execute.SQLQueryJob.executeSingleQuery(SQLQueryJob.java:449)
	at org.jkiss.dbeaver.ui.editors.sql.execute.SQLQueryJob.extractData(SQLQueryJob.java:1061)
	at org.jkiss.dbeaver.ui.editors.sql.SQLEditor$QueryResultsContainer.readData(SQLEditor.java:4568)
	at org.jkiss.dbeaver.ui.controls.resultset.ResultSetJobDataRead.lambda$0(ResultSetJobDataRead.java:128)
	at org.jkiss.dbeaver.model.exec.DBExecUtils.tryExecuteRecover(DBExecUtils.java:189)
	at org.jkiss.dbeaver.ui.controls.resultset.ResultSetJobDataRead.run(ResultSetJobDataRead.java:126)
	at org.jkiss.dbeaver.ui.controls.resultset.ResultSetViewer$ResultSetDataPumpJob.run(ResultSetViewer.java:5155)
	at org.jkiss.dbeaver.model.runtime.AbstractJob.run(AbstractJob.java:119)
	at org.eclipse.core.internal.jobs.Worker.run(Worker.java:63)
Caused by: org.h2.jdbc.JdbcSQLSyntaxErrorException: Cannot drop "PERSON" because "REQUEST_PERSON_FK" depends on it; SQL statement:
DROP TABLE IF EXISTS PUBLIC.PERSON [90107-210]
	at org.h2.message.DbException.getJdbcSQLException(DbException.java:651)
	at org.h2.message.DbException.getJdbcSQLException(DbException.java:496)
	at org.h2.message.DbException.get(DbException.java:227)
	at org.h2.command.ddl.DropTable.prepareDrop(DropTable.java:97)
	at org.h2.command.ddl.DropTable.update(DropTable.java:121)
	at org.h2.command.CommandContainer.update(CommandContainer.java:174)
	at org.h2.command.Command.executeUpdate(Command.java:252)
	at org.h2.jdbc.JdbcStatement.executeInternal(JdbcStatement.java:252)
	at org.h2.jdbc.JdbcStatement.execute(JdbcStatement.java:223)
	at org.jkiss.dbeaver.model.impl.jdbc.exec.JDBCStatementImpl.execute(JDBCStatementImpl.java:328)
	at org.jkiss.dbeaver.model.impl.jdbc.exec.JDBCStatementImpl.executeStatement(JDBCStatementImpl.java:132)
	... 13 more
2025-09-23 09:18:02.476 - SQL Error [42101] [42S01]: Table "PERSON" already exists; SQL statement:
--
-- Person table.
--
CREATE TABLE PUBLIC.PERSON (
	PERSON_ID  INTEGER               NOT NULL AUTO_INCREMENT,
	FIRST_NAME CHARACTER VARYING(64) NOT NULL,
	LAST_NAME  CHARACTER VARYING(64) NOT NULL,

	CONSTRAINT PERSON_PK  [42101-210]
org.jkiss.dbeaver.model.sql.DBSQLException: SQL Error [42101] [42S01]: Table "PERSON" already exists; SQL statement:
--
-- Person table.
--
CREATE TABLE PUBLIC.PERSON (
	PERSON_ID  INTEGER               NOT NULL AUTO_INCREMENT,
	FIRST_NAME CHARACTER VARYING(64) NOT NULL,
	LAST_NAME  CHARACTER VARYING(64) NOT NULL,

	CONSTRAINT PERSON_PK  [42101-210]
	at org.jkiss.dbeaver.model.impl.jdbc.exec.JDBCStatementImpl.executeStatement(JDBCStatementImpl.java:134)
	at org.jkiss.dbeaver.ui.editors.sql.execute.SQLQueryJob.executeStatement(SQLQueryJob.java:675)
	at org.jkiss.dbeaver.ui.editors.sql.execute.SQLQueryJob.lambda$2(SQLQueryJob.java:568)
	at org.jkiss.dbeaver.model.exec.DBExecUtils.tryExecuteRecover(DBExecUtils.java:189)
	at org.jkiss.dbeaver.ui.editors.sql.execute.SQLQueryJob.executeSingleElement(SQLQueryJob.java:587)
	at org.jkiss.dbeaver.ui.editors.sql.execute.SQLQueryJob.executeSingleQuery(SQLQueryJob.java:449)
	at org.jkiss.dbeaver.ui.editors.sql.execute.SQLQueryJob.extractData(SQLQueryJob.java:1061)
	at org.jkiss.dbeaver.ui.editors.sql.SQLEditor$QueryResultsContainer.readData(SQLEditor.java:4568)
	at org.jkiss.dbeaver.ui.controls.resultset.ResultSetJobDataRead.lambda$0(ResultSetJobDataRead.java:128)
	at org.jkiss.dbeaver.model.exec.DBExecUtils.tryExecuteRecover(DBExecUtils.java:189)
	at org.jkiss.dbeaver.ui.controls.resultset.ResultSetJobDataRead.run(ResultSetJobDataRead.java:126)
	at org.jkiss.dbeaver.ui.controls.resultset.ResultSetViewer$ResultSetDataPumpJob.run(ResultSetViewer.java:5155)
	at org.jkiss.dbeaver.model.runtime.AbstractJob.run(AbstractJob.java:119)
	at org.eclipse.core.internal.jobs.Worker.run(Worker.java:63)
Caused by: org.h2.jdbc.JdbcSQLSyntaxErrorException: Table "PERSON" already exists; SQL statement:
--
-- Person table.
--
CREATE TABLE PUBLIC.PERSON (
	PERSON_ID  INTEGER               NOT NULL AUTO_INCREMENT,
	FIRST_NAME CHARACTER VARYING(64) NOT NULL,
	LAST_NAME  CHARACTER VARYING(64) NOT NULL,

	CONSTRAINT PERSON_PK  [42101-210]
	at org.h2.message.DbException.getJdbcSQLException(DbException.java:521)
	at org.h2.message.DbException.getJdbcSQLException(DbException.java:496)
	at org.h2.message.DbException.get(DbException.java:227)
	at org.h2.message.DbException.get(DbException.java:203)
	at org.h2.command.ddl.CreateTable.update(CreateTable.java:88)
	at org.h2.command.CommandContainer.update(CommandContainer.java:174)
	at org.h2.command.Command.executeUpdate(Command.java:252)
	at org.h2.jdbc.JdbcStatement.executeInternal(JdbcStatement.java:252)
	at org.h2.jdbc.JdbcStatement.execute(JdbcStatement.java:223)
	at org.jkiss.dbeaver.model.impl.jdbc.exec.JDBCStatementImpl.execute(JDBCStatementImpl.java:328)
	at org.jkiss.dbeaver.model.impl.jdbc.exec.JDBCStatementImpl.executeStatement(JDBCStatementImpl.java:132)
	... 13 more
2025-09-23 09:21:14.994 - Error while analyzing query text: INSERT INTO PUBLIC.PERSON (PERSON_ID, FIRST_NAME, LAST_NAME) VALUES(40,  'Real', 'Demers')
java.lang.IllegalStateException: Rows data was not resolved yet
	at org.jkiss.dbeaver.model.sql.semantics.model.select.SQLQueryRowsSourceModel.getRowsDataContext(SQLQueryRowsSourceModel.java:52)
	at org.jkiss.dbeaver.model.sql.semantics.model.dml.SQLQueryInsertModel.resolveValueRelations(SQLQueryInsertModel.java:114)
	at org.jkiss.dbeaver.model.sql.semantics.model.SQLQueryModel.resolveRelations(SQLQueryModel.java:73)
	at org.jkiss.dbeaver.model.sql.semantics.SQLQueryModelRecognizer.recognizeQuery(SQLQueryModelRecognizer.java:155)
	at org.jkiss.dbeaver.model.sql.semantics.SQLQueryModelRecognizer.recognizeQuery(SQLQueryModelRecognizer.java:1024)
	at org.jkiss.dbeaver.ui.editors.sql.semantics.SQLBackgroundParsingJob.doWork(SQLBackgroundParsingJob.java:605)
	at org.jkiss.dbeaver.ui.editors.sql.semantics.SQLBackgroundParsingJob$1.run(SQLBackgroundParsingJob.java:85)
	at org.jkiss.dbeaver.model.runtime.AbstractJob.run(AbstractJob.java:119)
	at org.eclipse.core.internal.jobs.Worker.run(Worker.java:63)
2025-09-23 10:33:25.865 - Error while analyzing query text: INSERT INTO PUBLIC.PRODUCT (PRODUCT_ID, CODE, DESCRIPTION, PRICE) VALUES(100, 'F', 'Mcinstosh Apple', 9.99)
java.lang.IllegalStateException: Rows data was not resolved yet
	at org.jkiss.dbeaver.model.sql.semantics.model.select.SQLQueryRowsSourceModel.getRowsDataContext(SQLQueryRowsSourceModel.java:52)
	at org.jkiss.dbeaver.model.sql.semantics.model.dml.SQLQueryInsertModel.resolveValueRelations(SQLQueryInsertModel.java:114)
	at org.jkiss.dbeaver.model.sql.semantics.model.SQLQueryModel.resolveRelations(SQLQueryModel.java:73)
	at org.jkiss.dbeaver.model.sql.semantics.SQLQueryModelRecognizer.recognizeQuery(SQLQueryModelRecognizer.java:155)
	at org.jkiss.dbeaver.model.sql.semantics.SQLQueryModelRecognizer.recognizeQuery(SQLQueryModelRecognizer.java:1024)
	at org.jkiss.dbeaver.ui.editors.sql.semantics.SQLBackgroundParsingJob.doWork(SQLBackgroundParsingJob.java:605)
	at org.jkiss.dbeaver.ui.editors.sql.semantics.SQLBackgroundParsingJob$1.run(SQLBackgroundParsingJob.java:85)
	at org.jkiss.dbeaver.model.runtime.AbstractJob.run(AbstractJob.java:119)
	at org.eclipse.core.internal.jobs.Worker.run(Worker.java:63)
2025-09-23 10:36:25.709 - SQL Error [23505] [23505]: Unique index or primary key violation: "PRIMARY KEY ON PUBLIC.PRODUCT(PRODUCT_ID) ( /* key:10 */ 10, 'Harley', 'Motorcycle', CAST(29999.99 AS REAL))"; SQL statement:
-- Product.
INSERT INTO PUBLIC.PRODUCT (PRODUCT_ID, CODE, DESCRIPTION, PRICE) VALUES(10,  'Apple',        'Mcinstosh Apple',  [23505-210]
org.jkiss.dbeaver.model.sql.DBSQLException: SQL Error [23505] [23505]: Unique index or primary key violation: "PRIMARY KEY ON PUBLIC.PRODUCT(PRODUCT_ID) ( /* key:10 */ 10, 'Harley', 'Motorcycle', CAST(29999.99 AS REAL))"; SQL statement:
-- Product.
INSERT INTO PUBLIC.PRODUCT (PRODUCT_ID, CODE, DESCRIPTION, PRICE) VALUES(10,  'Apple',        'Mcinstosh Apple',  [23505-210]
	at org.jkiss.dbeaver.model.impl.jdbc.exec.JDBCStatementImpl.executeStatement(JDBCStatementImpl.java:134)
	at org.jkiss.dbeaver.ui.editors.sql.execute.SQLQueryJob.executeStatement(SQLQueryJob.java:675)
	at org.jkiss.dbeaver.ui.editors.sql.execute.SQLQueryJob.lambda$2(SQLQueryJob.java:568)
	at org.jkiss.dbeaver.ui.editors.sql.execute.SQLQueryJob.executeSingleElement(SQLQueryJob.java:590)
	at org.jkiss.dbeaver.ui.editors.sql.execute.SQLQueryJob.executeSingleQuery(SQLQueryJob.java:449)
	at org.jkiss.dbeaver.ui.editors.sql.execute.SQLQueryJob.extractData(SQLQueryJob.java:1061)
	at org.jkiss.dbeaver.ui.editors.sql.SQLEditor$QueryResultsContainer.readData(SQLEditor.java:4568)
	at org.jkiss.dbeaver.ui.controls.resultset.ResultSetJobDataRead.lambda$0(ResultSetJobDataRead.java:128)
	at org.jkiss.dbeaver.model.exec.DBExecUtils.tryExecuteRecover(DBExecUtils.java:189)
	at org.jkiss.dbeaver.ui.controls.resultset.ResultSetJobDataRead.run(ResultSetJobDataRead.java:126)
	at org.jkiss.dbeaver.ui.controls.resultset.ResultSetViewer$ResultSetDataPumpJob.run(ResultSetViewer.java:5155)
	at org.jkiss.dbeaver.model.runtime.AbstractJob.run(AbstractJob.java:119)
	at org.eclipse.core.internal.jobs.Worker.run(Worker.java:63)
Caused by: org.h2.jdbc.JdbcSQLIntegrityConstraintViolationException: Unique index or primary key violation: "PRIMARY KEY ON PUBLIC.PRODUCT(PRODUCT_ID) ( /* key:10 */ 10, 'Harley', 'Motorcycle', CAST(29999.99 AS REAL))"; SQL statement:
-- Product.
INSERT INTO PUBLIC.PRODUCT (PRODUCT_ID, CODE, DESCRIPTION, PRICE) VALUES(10,  'Apple',        'Mcinstosh Apple',  [23505-210]
	at org.h2.message.DbException.getJdbcSQLException(DbException.java:527)
	at org.h2.message.DbException.getJdbcSQLException(DbException.java:496)
	at org.h2.message.DbException.get(DbException.java:227)
	at org.h2.message.DbException.get(DbException.java:203)
	at org.h2.mvstore.db.MVPrimaryIndex.add(MVPrimaryIndex.java:120)
	at org.h2.mvstore.db.MVTable.addRow(MVTable.java:519)
	at org.h2.command.dml.Insert.insertRows(Insert.java:174)
	at org.h2.command.dml.Insert.update(Insert.java:135)
	at org.h2.command.dml.DataChangeStatement.update(DataChangeStatement.java:61)
	at org.h2.command.CommandContainer.update(CommandContainer.java:174)
	at org.h2.command.Command.executeUpdate(Command.java:252)
	at org.h2.jdbc.JdbcStatement.executeInternal(JdbcStatement.java:252)
	at org.h2.jdbc.JdbcStatement.execute(JdbcStatement.java:223)
	at org.jkiss.dbeaver.model.impl.jdbc.exec.JDBCStatementImpl.execute(JDBCStatementImpl.java:328)
	at org.jkiss.dbeaver.model.impl.jdbc.exec.JDBCStatementImpl.executeStatement(JDBCStatementImpl.java:132)
	... 12 more
2025-09-23 10:36:37.915 - SQL Error [90107] [90107]: Cannot drop "PRODUCT" because "INVENTORY_PRODUCT_FK, REQUEST_PRODUCT_FK" depends on it; SQL statement:
DROP TABLE IF EXISTS PUBLIC.PRODUCT [90107-210]
org.jkiss.dbeaver.model.sql.DBSQLException: SQL Error [90107] [90107]: Cannot drop "PRODUCT" because "INVENTORY_PRODUCT_FK, REQUEST_PRODUCT_FK" depends on it; SQL statement:
DROP TABLE IF EXISTS PUBLIC.PRODUCT [90107-210]
	at org.jkiss.dbeaver.model.impl.jdbc.exec.JDBCStatementImpl.executeStatement(JDBCStatementImpl.java:134)
	at org.jkiss.dbeaver.ui.editors.sql.execute.SQLQueryJob.executeStatement(SQLQueryJob.java:675)
	at org.jkiss.dbeaver.ui.editors.sql.execute.SQLQueryJob.lambda$2(SQLQueryJob.java:568)
	at org.jkiss.dbeaver.model.exec.DBExecUtils.tryExecuteRecover(DBExecUtils.java:189)
	at org.jkiss.dbeaver.ui.editors.sql.execute.SQLQueryJob.executeSingleElement(SQLQueryJob.java:587)
	at org.jkiss.dbeaver.ui.editors.sql.execute.SQLQueryJob.executeSingleQuery(SQLQueryJob.java:449)
	at org.jkiss.dbeaver.ui.editors.sql.execute.SQLQueryJob.extractData(SQLQueryJob.java:1061)
	at org.jkiss.dbeaver.ui.editors.sql.SQLEditor$QueryResultsContainer.readData(SQLEditor.java:4568)
	at org.jkiss.dbeaver.ui.controls.resultset.ResultSetJobDataRead.lambda$0(ResultSetJobDataRead.java:128)
	at org.jkiss.dbeaver.model.exec.DBExecUtils.tryExecuteRecover(DBExecUtils.java:189)
	at org.jkiss.dbeaver.ui.controls.resultset.ResultSetJobDataRead.run(ResultSetJobDataRead.java:126)
	at org.jkiss.dbeaver.ui.controls.resultset.ResultSetViewer$ResultSetDataPumpJob.run(ResultSetViewer.java:5155)
	at org.jkiss.dbeaver.model.runtime.AbstractJob.run(AbstractJob.java:119)
	at org.eclipse.core.internal.jobs.Worker.run(Worker.java:63)
Caused by: org.h2.jdbc.JdbcSQLSyntaxErrorException: Cannot drop "PRODUCT" because "INVENTORY_PRODUCT_FK, REQUEST_PRODUCT_FK" depends on it; SQL statement:
DROP TABLE IF EXISTS PUBLIC.PRODUCT [90107-210]
	at org.h2.message.DbException.getJdbcSQLException(DbException.java:651)
	at org.h2.message.DbException.getJdbcSQLException(DbException.java:496)
	at org.h2.message.DbException.get(DbException.java:227)
	at org.h2.command.ddl.DropTable.prepareDrop(DropTable.java:97)
	at org.h2.command.ddl.DropTable.update(DropTable.java:121)
	at org.h2.command.CommandContainer.update(CommandContainer.java:174)
	at org.h2.command.Command.executeUpdate(Command.java:252)
	at org.h2.jdbc.JdbcStatement.executeInternal(JdbcStatement.java:252)
	at org.h2.jdbc.JdbcStatement.execute(JdbcStatement.java:223)
	at org.jkiss.dbeaver.model.impl.jdbc.exec.JDBCStatementImpl.execute(JDBCStatementImpl.java:328)
	at org.jkiss.dbeaver.model.impl.jdbc.exec.JDBCStatementImpl.executeStatement(JDBCStatementImpl.java:132)
	... 13 more
2025-09-23 10:36:43.516 - SQL Error [42101] [42S01]: Table "PRODUCT" already exists; SQL statement:
--
-- Product table.
--
CREATE TABLE PUBLIC.PRODUCT (
	PRODUCT_ID INTEGER                 NOT NULL AUTO_INCREMENT,
	CODE        CHARACTER VARYING(64)  NOT NULL,
	DESCRIPTION CHARACTER VARYING(128) NOT NULL,
	PRICE       REAL                   NOT NULL,
	
	CONSTRAINT PRODUCT_PK     PRIMARY KEY (PRODUCT_ID),
	CONSTRAINT PROD [42101-210]
org.jkiss.dbeaver.model.sql.DBSQLException: SQL Error [42101] [42S01]: Table "PRODUCT" already exists; SQL statement:
--
-- Product table.
--
CREATE TABLE PUBLIC.PRODUCT (
	PRODUCT_ID INTEGER                 NOT NULL AUTO_INCREMENT,
	CODE        CHARACTER VARYING(64)  NOT NULL,
	DESCRIPTION CHARACTER VARYING(128) NOT NULL,
	PRICE       REAL                   NOT NULL,
	
	CONSTRAINT PRODUCT_PK     PRIMARY KEY (PRODUCT_ID),
	CONSTRAINT PROD [42101-210]
	at org.jkiss.dbeaver.model.impl.jdbc.exec.JDBCStatementImpl.executeStatement(JDBCStatementImpl.java:134)
	at org.jkiss.dbeaver.ui.editors.sql.execute.SQLQueryJob.executeStatement(SQLQueryJob.java:675)
	at org.jkiss.dbeaver.ui.editors.sql.execute.SQLQueryJob.lambda$2(SQLQueryJob.java:568)
	at org.jkiss.dbeaver.model.exec.DBExecUtils.tryExecuteRecover(DBExecUtils.java:189)
	at org.jkiss.dbeaver.ui.editors.sql.execute.SQLQueryJob.executeSingleElement(SQLQueryJob.java:587)
	at org.jkiss.dbeaver.ui.editors.sql.execute.SQLQueryJob.executeSingleQuery(SQLQueryJob.java:449)
	at org.jkiss.dbeaver.ui.editors.sql.execute.SQLQueryJob.extractData(SQLQueryJob.java:1061)
	at org.jkiss.dbeaver.ui.editors.sql.SQLEditor$QueryResultsContainer.readData(SQLEditor.java:4568)
	at org.jkiss.dbeaver.ui.controls.resultset.ResultSetJobDataRead.lambda$0(ResultSetJobDataRead.java:128)
	at org.jkiss.dbeaver.model.exec.DBExecUtils.tryExecuteRecover(DBExecUtils.java:189)
	at org.jkiss.dbeaver.ui.controls.resultset.ResultSetJobDataRead.run(ResultSetJobDataRead.java:126)
	at org.jkiss.dbeaver.ui.controls.resultset.ResultSetViewer$ResultSetDataPumpJob.run(ResultSetViewer.java:5155)
	at org.jkiss.dbeaver.model.runtime.AbstractJob.run(AbstractJob.java:119)
	at org.eclipse.core.internal.jobs.Worker.run(Worker.java:63)
Caused by: org.h2.jdbc.JdbcSQLSyntaxErrorException: Table "PRODUCT" already exists; SQL statement:
--
-- Product table.
--
CREATE TABLE PUBLIC.PRODUCT (
	PRODUCT_ID INTEGER                 NOT NULL AUTO_INCREMENT,
	CODE        CHARACTER VARYING(64)  NOT NULL,
	DESCRIPTION CHARACTER VARYING(128) NOT NULL,
	PRICE       REAL                   NOT NULL,
	
	CONSTRAINT PRODUCT_PK     PRIMARY KEY (PRODUCT_ID),
	CONSTRAINT PROD [42101-210]
	at org.h2.message.DbException.getJdbcSQLException(DbException.java:521)
	at org.h2.message.DbException.getJdbcSQLException(DbException.java:496)
	at org.h2.message.DbException.get(DbException.java:227)
	at org.h2.message.DbException.get(DbException.java:203)
	at org.h2.command.ddl.CreateTable.update(CreateTable.java:88)
	at org.h2.command.CommandContainer.update(CommandContainer.java:174)
	at org.h2.command.Command.executeUpdate(Command.java:252)
	at org.h2.jdbc.JdbcStatement.executeInternal(JdbcStatement.java:252)
	at org.h2.jdbc.JdbcStatement.execute(JdbcStatement.java:223)
	at org.jkiss.dbeaver.model.impl.jdbc.exec.JDBCStatementImpl.execute(JDBCStatementImpl.java:328)
	at org.jkiss.dbeaver.model.impl.jdbc.exec.JDBCStatementImpl.executeStatement(JDBCStatementImpl.java:132)
	... 13 more
2025-09-23 10:36:50.171 - SQL Error [23505] [23505]: Unique index or primary key violation: "PRIMARY KEY ON PUBLIC.PRODUCT(PRODUCT_ID) ( /* key:10 */ 10, 'Harley', 'Motorcycle', CAST(29999.99 AS REAL))"; SQL statement:
-- Product.
INSERT INTO PUBLIC.PRODUCT (PRODUCT_ID, CODE, DESCRIPTION, PRICE) VALUES(10,  'Apple',        'Mcinstosh Apple',  [23505-210]
org.jkiss.dbeaver.model.sql.DBSQLException: SQL Error [23505] [23505]: Unique index or primary key violation: "PRIMARY KEY ON PUBLIC.PRODUCT(PRODUCT_ID) ( /* key:10 */ 10, 'Harley', 'Motorcycle', CAST(29999.99 AS REAL))"; SQL statement:
-- Product.
INSERT INTO PUBLIC.PRODUCT (PRODUCT_ID, CODE, DESCRIPTION, PRICE) VALUES(10,  'Apple',        'Mcinstosh Apple',  [23505-210]
	at org.jkiss.dbeaver.model.impl.jdbc.exec.JDBCStatementImpl.executeStatement(JDBCStatementImpl.java:134)
	at org.jkiss.dbeaver.ui.editors.sql.execute.SQLQueryJob.executeStatement(SQLQueryJob.java:675)
	at org.jkiss.dbeaver.ui.editors.sql.execute.SQLQueryJob.lambda$2(SQLQueryJob.java:568)
	at org.jkiss.dbeaver.ui.editors.sql.execute.SQLQueryJob.executeSingleElement(SQLQueryJob.java:590)
	at org.jkiss.dbeaver.ui.editors.sql.execute.SQLQueryJob.executeSingleQuery(SQLQueryJob.java:449)
	at org.jkiss.dbeaver.ui.editors.sql.execute.SQLQueryJob.extractData(SQLQueryJob.java:1061)
	at org.jkiss.dbeaver.ui.editors.sql.SQLEditor$QueryResultsContainer.readData(SQLEditor.java:4568)
	at org.jkiss.dbeaver.ui.controls.resultset.ResultSetJobDataRead.lambda$0(ResultSetJobDataRead.java:128)
	at org.jkiss.dbeaver.model.exec.DBExecUtils.tryExecuteRecover(DBExecUtils.java:189)
	at org.jkiss.dbeaver.ui.controls.resultset.ResultSetJobDataRead.run(ResultSetJobDataRead.java:126)
	at org.jkiss.dbeaver.ui.controls.resultset.ResultSetViewer$ResultSetDataPumpJob.run(ResultSetViewer.java:5155)
	at org.jkiss.dbeaver.model.runtime.AbstractJob.run(AbstractJob.java:119)
	at org.eclipse.core.internal.jobs.Worker.run(Worker.java:63)
Caused by: org.h2.jdbc.JdbcSQLIntegrityConstraintViolationException: Unique index or primary key violation: "PRIMARY KEY ON PUBLIC.PRODUCT(PRODUCT_ID) ( /* key:10 */ 10, 'Harley', 'Motorcycle', CAST(29999.99 AS REAL))"; SQL statement:
-- Product.
INSERT INTO PUBLIC.PRODUCT (PRODUCT_ID, CODE, DESCRIPTION, PRICE) VALUES(10,  'Apple',        'Mcinstosh Apple',  [23505-210]
	at org.h2.message.DbException.getJdbcSQLException(DbException.java:527)
	at org.h2.message.DbException.getJdbcSQLException(DbException.java:496)
	at org.h2.message.DbException.get(DbException.java:227)
	at org.h2.message.DbException.get(DbException.java:203)
	at org.h2.mvstore.db.MVPrimaryIndex.add(MVPrimaryIndex.java:120)
	at org.h2.mvstore.db.MVTable.addRow(MVTable.java:519)
	at org.h2.command.dml.Insert.insertRows(Insert.java:174)
	at org.h2.command.dml.Insert.update(Insert.java:135)
	at org.h2.command.dml.DataChangeStatement.update(DataChangeStatement.java:61)
	at org.h2.command.CommandContainer.update(CommandContainer.java:174)
	at org.h2.command.Command.executeUpdate(Command.java:252)
	at org.h2.jdbc.JdbcStatement.executeInternal(JdbcStatement.java:252)
	at org.h2.jdbc.JdbcStatement.execute(JdbcStatement.java:223)
	at org.jkiss.dbeaver.model.impl.jdbc.exec.JDBCStatementImpl.execute(JDBCStatementImpl.java:328)
	at org.jkiss.dbeaver.model.impl.jdbc.exec.JDBCStatementImpl.executeStatement(JDBCStatementImpl.java:132)
	... 12 more
2025-09-23 10:37:08.431 - SQL Error [90107] [90107]: Cannot drop "PRODUCT" because "INVENTORY_PRODUCT_FK, REQUEST_PRODUCT_FK" depends on it; SQL statement:
DROP TABLE IF EXISTS PUBLIC.PRODUCT [90107-210]
org.jkiss.dbeaver.model.sql.DBSQLException: SQL Error [90107] [90107]: Cannot drop "PRODUCT" because "INVENTORY_PRODUCT_FK, REQUEST_PRODUCT_FK" depends on it; SQL statement:
DROP TABLE IF EXISTS PUBLIC.PRODUCT [90107-210]
	at org.jkiss.dbeaver.model.impl.jdbc.exec.JDBCStatementImpl.executeStatement(JDBCStatementImpl.java:134)
	at org.jkiss.dbeaver.ui.editors.sql.execute.SQLQueryJob.executeStatement(SQLQueryJob.java:675)
	at org.jkiss.dbeaver.ui.editors.sql.execute.SQLQueryJob.lambda$2(SQLQueryJob.java:568)
	at org.jkiss.dbeaver.model.exec.DBExecUtils.tryExecuteRecover(DBExecUtils.java:189)
	at org.jkiss.dbeaver.ui.editors.sql.execute.SQLQueryJob.executeSingleElement(SQLQueryJob.java:587)
	at org.jkiss.dbeaver.ui.editors.sql.execute.SQLQueryJob.executeSingleQuery(SQLQueryJob.java:449)
	at org.jkiss.dbeaver.ui.editors.sql.execute.SQLQueryJob.extractData(SQLQueryJob.java:1061)
	at org.jkiss.dbeaver.ui.editors.sql.SQLEditor$QueryResultsContainer.readData(SQLEditor.java:4568)
	at org.jkiss.dbeaver.ui.controls.resultset.ResultSetJobDataRead.lambda$0(ResultSetJobDataRead.java:128)
	at org.jkiss.dbeaver.model.exec.DBExecUtils.tryExecuteRecover(DBExecUtils.java:189)
	at org.jkiss.dbeaver.ui.controls.resultset.ResultSetJobDataRead.run(ResultSetJobDataRead.java:126)
	at org.jkiss.dbeaver.ui.controls.resultset.ResultSetViewer$ResultSetDataPumpJob.run(ResultSetViewer.java:5155)
	at org.jkiss.dbeaver.model.runtime.AbstractJob.run(AbstractJob.java:119)
	at org.eclipse.core.internal.jobs.Worker.run(Worker.java:63)
Caused by: org.h2.jdbc.JdbcSQLSyntaxErrorException: Cannot drop "PRODUCT" because "INVENTORY_PRODUCT_FK, REQUEST_PRODUCT_FK" depends on it; SQL statement:
DROP TABLE IF EXISTS PUBLIC.PRODUCT [90107-210]
	at org.h2.message.DbException.getJdbcSQLException(DbException.java:651)
	at org.h2.message.DbException.getJdbcSQLException(DbException.java:496)
	at org.h2.message.DbException.get(DbException.java:227)
	at org.h2.command.ddl.DropTable.prepareDrop(DropTable.java:97)
	at org.h2.command.ddl.DropTable.update(DropTable.java:121)
	at org.h2.command.CommandContainer.update(CommandContainer.java:174)
	at org.h2.command.Command.executeUpdate(Command.java:252)
	at org.h2.jdbc.JdbcStatement.executeInternal(JdbcStatement.java:252)
	at org.h2.jdbc.JdbcStatement.execute(JdbcStatement.java:223)
	at org.jkiss.dbeaver.model.impl.jdbc.exec.JDBCStatementImpl.execute(JDBCStatementImpl.java:328)
	at org.jkiss.dbeaver.model.impl.jdbc.exec.JDBCStatementImpl.executeStatement(JDBCStatementImpl.java:132)
	... 13 more
2025-09-23 10:37:57.686 - SQL Error [23505] [23505]: Unique index or primary key violation: "PRIMARY KEY ON PUBLIC.PRODUCT(PRODUCT_ID) ( /* key:10 */ 10, 'Harley', 'Motorcycle', CAST(29999.99 AS REAL))"; SQL statement:
-- Product.
INSERT INTO PUBLIC.PRODUCT (PRODUCT_ID, CODE, DESCRIPTION, PRICE) VALUES(10,  'Apple',        'Mcinstosh Apple',  [23505-210]
org.jkiss.dbeaver.model.sql.DBSQLException: SQL Error [23505] [23505]: Unique index or primary key violation: "PRIMARY KEY ON PUBLIC.PRODUCT(PRODUCT_ID) ( /* key:10 */ 10, 'Harley', 'Motorcycle', CAST(29999.99 AS REAL))"; SQL statement:
-- Product.
INSERT INTO PUBLIC.PRODUCT (PRODUCT_ID, CODE, DESCRIPTION, PRICE) VALUES(10,  'Apple',        'Mcinstosh Apple',  [23505-210]
	at org.jkiss.dbeaver.model.impl.jdbc.exec.JDBCStatementImpl.executeStatement(JDBCStatementImpl.java:134)
	at org.jkiss.dbeaver.ui.editors.sql.execute.SQLQueryJob.executeStatement(SQLQueryJob.java:675)
	at org.jkiss.dbeaver.ui.editors.sql.execute.SQLQueryJob.lambda$2(SQLQueryJob.java:568)
	at org.jkiss.dbeaver.ui.editors.sql.execute.SQLQueryJob.executeSingleElement(SQLQueryJob.java:590)
	at org.jkiss.dbeaver.ui.editors.sql.execute.SQLQueryJob.executeSingleQuery(SQLQueryJob.java:449)
	at org.jkiss.dbeaver.ui.editors.sql.execute.SQLQueryJob.extractData(SQLQueryJob.java:1061)
	at org.jkiss.dbeaver.ui.editors.sql.SQLEditor$QueryResultsContainer.readData(SQLEditor.java:4568)
	at org.jkiss.dbeaver.ui.controls.resultset.ResultSetJobDataRead.lambda$0(ResultSetJobDataRead.java:128)
	at org.jkiss.dbeaver.model.exec.DBExecUtils.tryExecuteRecover(DBExecUtils.java:189)
	at org.jkiss.dbeaver.ui.controls.resultset.ResultSetJobDataRead.run(ResultSetJobDataRead.java:126)
	at org.jkiss.dbeaver.ui.controls.resultset.ResultSetViewer$ResultSetDataPumpJob.run(ResultSetViewer.java:5155)
	at org.jkiss.dbeaver.model.runtime.AbstractJob.run(AbstractJob.java:119)
	at org.eclipse.core.internal.jobs.Worker.run(Worker.java:63)
Caused by: org.h2.jdbc.JdbcSQLIntegrityConstraintViolationException: Unique index or primary key violation: "PRIMARY KEY ON PUBLIC.PRODUCT(PRODUCT_ID) ( /* key:10 */ 10, 'Harley', 'Motorcycle', CAST(29999.99 AS REAL))"; SQL statement:
-- Product.
INSERT INTO PUBLIC.PRODUCT (PRODUCT_ID, CODE, DESCRIPTION, PRICE) VALUES(10,  'Apple',        'Mcinstosh Apple',  [23505-210]
	at org.h2.message.DbException.getJdbcSQLException(DbException.java:527)
	at org.h2.message.DbException.getJdbcSQLException(DbException.java:496)
	at org.h2.message.DbException.get(DbException.java:227)
	at org.h2.message.DbException.get(DbException.java:203)
	at org.h2.mvstore.db.MVPrimaryIndex.add(MVPrimaryIndex.java:120)
	at org.h2.mvstore.db.MVTable.addRow(MVTable.java:519)
	at org.h2.command.dml.Insert.insertRows(Insert.java:174)
	at org.h2.command.dml.Insert.update(Insert.java:135)
	at org.h2.command.dml.DataChangeStatement.update(DataChangeStatement.java:61)
	at org.h2.command.CommandContainer.update(CommandContainer.java:174)
	at org.h2.command.Command.executeUpdate(Command.java:252)
	at org.h2.jdbc.JdbcStatement.executeInternal(JdbcStatement.java:252)
	at org.h2.jdbc.JdbcStatement.execute(JdbcStatement.java:223)
	at org.jkiss.dbeaver.model.impl.jdbc.exec.JDBCStatementImpl.execute(JDBCStatementImpl.java:328)
	at org.jkiss.dbeaver.model.impl.jdbc.exec.JDBCStatementImpl.executeStatement(JDBCStatementImpl.java:132)
	... 12 more
2025-09-23 10:47:14.545 - Error while analyzing query text: -- Request.
INSERT INTO PUBLIC.REQUEST (REQUEST_ID, PERSON_ID, "ACTION", PRODUCT_ID, QTY, STATUS)
     VALUES(10, 0, 0, 0, 0, 0)
java.lang.IllegalStateException: Rows data was not resolved yet
	at org.jkiss.dbeaver.model.sql.semantics.model.select.SQLQueryRowsSourceModel.getRowsDataContext(SQLQueryRowsSourceModel.java:52)
	at org.jkiss.dbeaver.model.sql.semantics.model.dml.SQLQueryInsertModel.resolveValueRelations(SQLQueryInsertModel.java:114)
	at org.jkiss.dbeaver.model.sql.semantics.model.SQLQueryModel.resolveRelations(SQLQueryModel.java:73)
	at org.jkiss.dbeaver.model.sql.semantics.SQLQueryModelRecognizer.recognizeQuery(SQLQueryModelRecognizer.java:155)
	at org.jkiss.dbeaver.model.sql.semantics.SQLQueryModelRecognizer.recognizeQuery(SQLQueryModelRecognizer.java:1024)
	at org.jkiss.dbeaver.ui.editors.sql.semantics.SQLBackgroundParsingJob.doWork(SQLBackgroundParsingJob.java:605)
	at org.jkiss.dbeaver.ui.editors.sql.semantics.SQLBackgroundParsingJob$1.run(SQLBackgroundParsingJob.java:85)
	at org.jkiss.dbeaver.model.runtime.AbstractJob.run(AbstractJob.java:119)
	at org.eclipse.core.internal.jobs.Worker.run(Worker.java:63)
2025-09-23 10:47:20.417 - Error while analyzing query text: -- Request.
INSERT INTO PUBLIC.REQUEST (REQUEST_ID, PERSON_ID, "ACTION", PRODUCT_ID, QTY, STATUS)
     VALUES(10, 0, 0, 0, 0, 0)
java.lang.IllegalStateException: Rows data was not resolved yet
	at org.jkiss.dbeaver.model.sql.semantics.model.select.SQLQueryRowsSourceModel.getRowsDataContext(SQLQueryRowsSourceModel.java:52)
	at org.jkiss.dbeaver.model.sql.semantics.model.dml.SQLQueryInsertModel.resolveValueRelations(SQLQueryInsertModel.java:114)
	at org.jkiss.dbeaver.model.sql.semantics.model.SQLQueryModel.resolveRelations(SQLQueryModel.java:73)
	at org.jkiss.dbeaver.model.sql.semantics.SQLQueryModelRecognizer.recognizeQuery(SQLQueryModelRecognizer.java:155)
	at org.jkiss.dbeaver.model.sql.semantics.SQLQueryModelRecognizer.recognizeQuery(SQLQueryModelRecognizer.java:1024)
	at org.jkiss.dbeaver.ui.editors.sql.semantics.SQLBackgroundParsingJob.doWork(SQLBackgroundParsingJob.java:605)
	at org.jkiss.dbeaver.ui.editors.sql.semantics.SQLBackgroundParsingJob$1.run(SQLBackgroundParsingJob.java:85)
	at org.jkiss.dbeaver.model.runtime.AbstractJob.run(AbstractJob.java:119)
	at org.eclipse.core.internal.jobs.Worker.run(Worker.java:63)
2025-09-23 10:51:59.998 - Error while analyzing query text: INSERT INTO PUBLIC.REQUEST (REQUEST_ID, PERSON_ID, "ACTION", PRODUCT_ID, QTY, STATUS)
     VALUES(90, 90, 0, 0, 0, 0)
java.lang.IllegalStateException: Rows data was not resolved yet
	at org.jkiss.dbeaver.model.sql.semantics.model.select.SQLQueryRowsSourceModel.getRowsDataContext(SQLQueryRowsSourceModel.java:52)
	at org.jkiss.dbeaver.model.sql.semantics.model.dml.SQLQueryInsertModel.resolveValueRelations(SQLQueryInsertModel.java:114)
	at org.jkiss.dbeaver.model.sql.semantics.model.SQLQueryModel.resolveRelations(SQLQueryModel.java:73)
	at org.jkiss.dbeaver.model.sql.semantics.SQLQueryModelRecognizer.recognizeQuery(SQLQueryModelRecognizer.java:155)
	at org.jkiss.dbeaver.model.sql.semantics.SQLQueryModelRecognizer.recognizeQuery(SQLQueryModelRecognizer.java:1024)
	at org.jkiss.dbeaver.ui.editors.sql.semantics.SQLBackgroundParsingJob.doWork(SQLBackgroundParsingJob.java:605)
	at org.jkiss.dbeaver.ui.editors.sql.semantics.SQLBackgroundParsingJob$1.run(SQLBackgroundParsingJob.java:85)
	at org.jkiss.dbeaver.model.runtime.AbstractJob.run(AbstractJob.java:119)
	at org.eclipse.core.internal.jobs.Worker.run(Worker.java:63)
2025-09-23 10:54:11.658 - Error while analyzing query text: INSERT INTO PUBLIC.REQUEST (REQUEST_ID, PERSON_ID, "ACTION", PRODUCT_ID, QTY, STATUS)
     VALUES(30,   30, 10, 30, 10, 10)
java.lang.IllegalStateException: Rows data was not resolved yet
	at org.jkiss.dbeaver.model.sql.semantics.model.select.SQLQueryRowsSourceModel.getRowsDataContext(SQLQueryRowsSourceModel.java:52)
	at org.jkiss.dbeaver.model.sql.semantics.model.dml.SQLQueryInsertModel.resolveValueRelations(SQLQueryInsertModel.java:114)
	at org.jkiss.dbeaver.model.sql.semantics.model.SQLQueryModel.resolveRelations(SQLQueryModel.java:73)
	at org.jkiss.dbeaver.model.sql.semantics.SQLQueryModelRecognizer.recognizeQuery(SQLQueryModelRecognizer.java:155)
	at org.jkiss.dbeaver.model.sql.semantics.SQLQueryModelRecognizer.recognizeQuery(SQLQueryModelRecognizer.java:1024)
	at org.jkiss.dbeaver.ui.editors.sql.semantics.SQLBackgroundParsingJob.doWork(SQLBackgroundParsingJob.java:605)
	at org.jkiss.dbeaver.ui.editors.sql.semantics.SQLBackgroundParsingJob$1.run(SQLBackgroundParsingJob.java:85)
	at org.jkiss.dbeaver.model.runtime.AbstractJob.run(AbstractJob.java:119)
	at org.eclipse.core.internal.jobs.Worker.run(Worker.java:63)
2025-09-23 14:57:38.964 - Execution context closed (H2 StagingDB, 0)
2025-09-23 14:57:38.967 - Disconnected (h2_embedded_v2-1993f1a5cb9-212b3ebca436d09)
2025-09-23 15:11:39.184 - Dispose navigator model
2025-09-23 15:11:39.206 - DBeaver is stopping
2025-09-23 15:11:39.209 - Stop instance server
2025-09-23 15:11:40.215 - Instance server has been stopped
2025-09-23 15:11:40.216 - DBeaver shutdown completed
