2025-09-22 10:32:19.279 - DBeaver 25.2.1.202509211659 is starting
2025-09-22 10:32:19.282 - OS: Windows 11 10.0 (amd64)
2025-09-22 10:32:19.282 - Java version: 21.0.8 by Eclipse Adoptium (64bit)
2025-09-22 10:32:19.283 - Install path: 'C:\STD\dbeaver'
2025-09-22 10:32:19.283 - Instance path: 'file:/C:/lq-sdk/scm/org-rd-fullstack-springboot-eda/doc/'
2025-09-22 10:32:19.287 - Memory available 64Mb/1024Mb
2025-09-22 10:32:19.304 - Create display
2025-09-22 10:32:19.653 - Initialize desktop platform...
2025-09-22 10:32:19.929 - BounceCastle bundle found. Use JCE provider BC
> Start Core File Systems [org.eclipse.core.filesystem 1.11.200.v20250513-1234]
> Start Core Resource Management [org.eclipse.core.resources 3.22.200.v20250513-1234]
> Start Team Support Core [org.eclipse.team.core 3.10.700.v20250313-0656]
> Start DBeaver UI Navigator [org.jkiss.dbeaver.ui.navigator 1.0.163.202509211659]
2025-09-22 10:32:20.240 - Initialize base platform...
2025-09-22 10:32:20.288 - send collected statistics
2025-09-22 10:32:20.299 - Platform initialized (646ms)
2025-09-22 10:32:20.496 - Starting instance server at http://localhost:63901
2025-09-22 10:32:20.509 - Run workbench
> Start Eclipse e4 Workbench SWT [org.eclipse.e4.ui.workbench.swt 0.17.800.v20250422-1254]
> Start Eclipse Application Services [org.eclipse.e4.core.services 2.5.200.v20250326-1945]
> Start Eclipse UI Application Services [org.eclipse.e4.ui.services 1.6.500.v20250123-0754]
> Start Eclipse e4 Progress View [org.eclipse.e4.ui.progress 0.4.800.v20250422-1254]
> Start Eclipse Bindings Support [org.eclipse.e4.ui.bindings 0.14.600.v20250331-1050]
> Start Eclipse e4 core commands [org.eclipse.e4.core.commands 1.1.600.v20250307-1331]
> Start EMF XML/XMI Persistence [org.eclipse.emf.ecore.xmi 2.39.0.v20250414-1351]
> Start Eclipse CSS SWT Theme Support [org.eclipse.e4.ui.css.swt.theme 0.14.500.v20250213-1508]
> Start Eclipse e4 Workbench Add-ons [org.eclipse.e4.ui.workbench.addons.swt 1.5.700.v20250422-1254]
> Start Eclipse e4 Workbench SWT Renderer [org.eclipse.e4.ui.workbench.renderers.swt 0.16.800.v20250519-1609]
> Start Eclipse Dependency Injection Extensions [org.eclipse.e4.core.di.extensions 0.18.300.v20240413-1529]
> Start DBeaver AI Model [org.jkiss.dbeaver.model.ai 2.0.6.202509211659]
> Start DBeaver AI UI [org.jkiss.dbeaver.ui.ai 1.0.65.202509211659]
> Start Eclipse CSS SWT Support [org.eclipse.e4.ui.css.swt 0.15.600.v20250409-1135]
2025-09-22 10:32:22.802 - Configure workbench window
> Start DBeaver SQL Model [org.jkiss.dbeaver.model.sql 1.0.153.202509211659]
2025-09-22 10:32:23.132 - Total database drivers: 128 (128)
> Start Help System Core [org.eclipse.help 3.10.500.v20250423-1201]
2025-09-22 10:32:23.227 - Create actions
2025-09-22 10:32:23.238 - Disable Eclipse action set 'org.eclipse.ui.edit.text.actionSet.annotationNavigation'
2025-09-22 10:32:23.239 - Disable Eclipse action set 'org.eclipse.ui.WorkingSetActionSet'
2025-09-22 10:32:23.239 - Disable Eclipse action set 'org.eclipse.ui.actionSet.openFiles'
2025-09-22 10:32:23.240 - Create workbench actions
2025-09-22 10:32:23.940 - Initialize workbench window
2025-09-22 10:32:23.950 - Finish initialization
> Start Default Text Editor [org.eclipse.ui.editors 3.20.0.v20250514-1719]
> Start Text Editor Framework [org.eclipse.ui.workbench.texteditor 3.19.200.v20250514-1719]
> Start GEF Classic Draw2d [org.eclipse.draw2d 3.20.0.202505280821]
> Start GEF Classic GEF (MVC) [org.eclipse.gef 3.22.0.202505280821]
> Start DBeaver ERD UI [org.jkiss.dbeaver.ui.editors.erd 3.1.4.202509211659]
> Start DBeaver ERD Model [org.jkiss.dbeaver.model.erd 1.1.4.202509211659]
> Start DBeaver UI Editors - Data [org.jkiss.dbeaver.ui.editors.data 1.0.163.202509211659]
> Start Equinox Java Authentication and Authorization Service (JAAS) [org.eclipse.equinox.security 1.4.600.v20250521-0413]
> Start Internet Connection Management UI [org.eclipse.ui.net 1.5.400.v20240413-1529]
> Start Internet Connection Management [org.eclipse.core.net 1.5.700.v20250313-0656]
> Start DBeaver UI Editors - SQL [org.jkiss.dbeaver.ui.editors.sql 1.0.163.202509211659]
> Start DBeaver Sample Database [org.jkiss.dbeaver.ui.config.sample 1.0.200.202509211659]
> Start DBeaver Dashboard UI [org.jkiss.dbeaver.ui.dashboard 1.0.160.202509211659]
2025-09-22 10:32:28.474 - Connect with 'H2 StagingDB' (h2_embedded_v2-1993f1a5cb9-212b3ebca436d09)
> Start DBeaver JDBC Model [org.jkiss.dbeaver.model.jdbc 1.0.56.202509211659]
> Start DBeaver Generic Plug-in [org.jkiss.dbeaver.ext.generic 2.3.249.202509211659]
> Start DBeaver H2 Model [org.jkiss.dbeaver.ext.h2 1.0.218.202509211659]
2025-09-22 10:32:28.813 - Execution context opened (H2 StagingDB; Main; 0)
2025-09-22 10:32:29.493 - Error setting client application name: Client info name 'ApplicationName' not supported.
2025-09-22 10:32:29.692 - Connected (h2_embedded_v2-1993f1a5cb9-212b3ebca436d09, H2 JDBC Driver [2.1.210 (2022-01-17)])
2025-09-22 10:32:29.774 - Can't get column 'KEY_SEQ': Column "KEY_SEQ" not found [42122-210]
> Start DBeaver SQL Terminal [org.jkiss.dbeaver.ui.editors.sql.terminal 1.0.139.202509211659]
> Start Core Compare Support [org.eclipse.compare.core 3.8.700.v20250120-0641]
> Start Console [org.eclipse.ui.console 3.14.300.v20250509-1251]
> Start Debug Core [org.eclipse.debug.core 3.23.0.v20250509-1924]
2025-09-22 10:33:35.154 - Connect with 'testdb' (h2_embedded_v2-19971ad4474-1061a59c085b58ca)
2025-09-22 10:33:35.163 - Execution context opened (testdb; Main; 1)
2025-09-22 10:33:35.182 - Error setting client application name: Client info name 'ApplicationName' not supported.
2025-09-22 10:33:35.249 - Connected (h2_embedded_v2-19971ad4474-1061a59c085b58ca, H2 JDBC Driver [2.1.210 (2022-01-17)])
> Start DBeaver SQL Language Semantic Model [org.jkiss.dbeaver.model.lsm 1.0.58.202509211659]
2025-09-22 10:40:30.889 - Execution context closed (testdb, 1)
2025-09-22 10:40:30.891 - Disconnected (h2_embedded_v2-19971ad4474-1061a59c085b58ca)
> Start DBeaver Data Transfer [org.jkiss.dbeaver.data.transfer 2.0.147.202509211659]
> Start DBeaver GIS Support [org.jkiss.dbeaver.data.gis 1.0.187.202509211659]
2025-09-22 10:42:50.975 - SQL Error [42111] [42S11]: Index "CUSTOMER_UNIQUE_INDEX_5" already exists; SQL statement:
CREATE UNIQUE INDEX CUSTOMER_UNIQUE_INDEX_5 ON PUBLIC.CUSTOMER (CODE) [42111-210]
org.jkiss.dbeaver.model.sql.DBSQLException: SQL Error [42111] [42S11]: Index "CUSTOMER_UNIQUE_INDEX_5" already exists; SQL statement:
CREATE UNIQUE INDEX CUSTOMER_UNIQUE_INDEX_5 ON PUBLIC.CUSTOMER (CODE) [42111-210]
	at org.jkiss.dbeaver.model.impl.jdbc.exec.JDBCStatementImpl.executeStatement(JDBCStatementImpl.java:134)
	at org.jkiss.dbeaver.ui.editors.sql.execute.SQLQueryJob.executeStatement(SQLQueryJob.java:675)
	at org.jkiss.dbeaver.ui.editors.sql.execute.SQLQueryJob.lambda$2(SQLQueryJob.java:568)
	at org.jkiss.dbeaver.model.exec.DBExecUtils.tryExecuteRecover(DBExecUtils.java:189)
	at org.jkiss.dbeaver.ui.editors.sql.execute.SQLQueryJob.executeSingleElement(SQLQueryJob.java:587)
	at org.jkiss.dbeaver.ui.editors.sql.execute.SQLQueryJob.executeSingleQuery(SQLQueryJob.java:449)
	at org.jkiss.dbeaver.ui.editors.sql.execute.SQLQueryJob.extractData(SQLQueryJob.java:1061)
	at org.jkiss.dbeaver.ui.editors.sql.SQLEditor$QueryResultsContainer.readData(SQLEditor.java:4568)
	at org.jkiss.dbeaver.ui.controls.resultset.ResultSetJobDataRead.lambda$0(ResultSetJobDataRead.java:128)
	at org.jkiss.dbeaver.model.exec.DBExecUtils.tryExecuteRecover(DBExecUtils.java:189)
	at org.jkiss.dbeaver.ui.controls.resultset.ResultSetJobDataRead.run(ResultSetJobDataRead.java:126)
	at org.jkiss.dbeaver.ui.controls.resultset.ResultSetViewer$ResultSetDataPumpJob.run(ResultSetViewer.java:5155)
	at org.jkiss.dbeaver.model.runtime.AbstractJob.run(AbstractJob.java:119)
	at org.eclipse.core.internal.jobs.Worker.run(Worker.java:63)
Caused by: org.h2.jdbc.JdbcSQLSyntaxErrorException: Index "CUSTOMER_UNIQUE_INDEX_5" already exists; SQL statement:
CREATE UNIQUE INDEX CUSTOMER_UNIQUE_INDEX_5 ON PUBLIC.CUSTOMER (CODE) [42111-210]
	at org.h2.message.DbException.getJdbcSQLException(DbException.java:521)
	at org.h2.message.DbException.getJdbcSQLException(DbException.java:496)
	at org.h2.message.DbException.get(DbException.java:227)
	at org.h2.message.DbException.get(DbException.java:203)
	at org.h2.command.ddl.CreateIndex.update(CreateIndex.java:74)
	at org.h2.command.CommandContainer.update(CommandContainer.java:174)
	at org.h2.command.Command.executeUpdate(Command.java:252)
	at org.h2.jdbc.JdbcStatement.executeInternal(JdbcStatement.java:252)
	at org.h2.jdbc.JdbcStatement.execute(JdbcStatement.java:223)
	at org.jkiss.dbeaver.model.impl.jdbc.exec.JDBCStatementImpl.execute(JDBCStatementImpl.java:328)
	at org.jkiss.dbeaver.model.impl.jdbc.exec.JDBCStatementImpl.executeStatement(JDBCStatementImpl.java:132)
	... 13 more
2025-09-22 10:43:01.252 - SQL Error [42111] [42S11]: Index "PRIMARY_KEY_5" already exists; SQL statement:
CREATE UNIQUE INDEX PRIMARY_KEY_5 ON PUBLIC.CUSTOMER (CUSTOMER_ID) [42111-210]
org.jkiss.dbeaver.model.sql.DBSQLException: SQL Error [42111] [42S11]: Index "PRIMARY_KEY_5" already exists; SQL statement:
CREATE UNIQUE INDEX PRIMARY_KEY_5 ON PUBLIC.CUSTOMER (CUSTOMER_ID) [42111-210]
	at org.jkiss.dbeaver.model.impl.jdbc.exec.JDBCStatementImpl.executeStatement(JDBCStatementImpl.java:134)
	at org.jkiss.dbeaver.ui.editors.sql.execute.SQLQueryJob.executeStatement(SQLQueryJob.java:675)
	at org.jkiss.dbeaver.ui.editors.sql.execute.SQLQueryJob.lambda$2(SQLQueryJob.java:568)
	at org.jkiss.dbeaver.model.exec.DBExecUtils.tryExecuteRecover(DBExecUtils.java:189)
	at org.jkiss.dbeaver.ui.editors.sql.execute.SQLQueryJob.executeSingleElement(SQLQueryJob.java:587)
	at org.jkiss.dbeaver.ui.editors.sql.execute.SQLQueryJob.executeSingleQuery(SQLQueryJob.java:449)
	at org.jkiss.dbeaver.ui.editors.sql.execute.SQLQueryJob.extractData(SQLQueryJob.java:1061)
	at org.jkiss.dbeaver.ui.editors.sql.SQLEditor$QueryResultsContainer.readData(SQLEditor.java:4568)
	at org.jkiss.dbeaver.ui.controls.resultset.ResultSetJobDataRead.lambda$0(ResultSetJobDataRead.java:128)
	at org.jkiss.dbeaver.model.exec.DBExecUtils.tryExecuteRecover(DBExecUtils.java:189)
	at org.jkiss.dbeaver.ui.controls.resultset.ResultSetJobDataRead.run(ResultSetJobDataRead.java:126)
	at org.jkiss.dbeaver.ui.controls.resultset.ResultSetViewer$ResultSetDataPumpJob.run(ResultSetViewer.java:5155)
	at org.jkiss.dbeaver.model.runtime.AbstractJob.run(AbstractJob.java:119)
	at org.eclipse.core.internal.jobs.Worker.run(Worker.java:63)
Caused by: org.h2.jdbc.JdbcSQLSyntaxErrorException: Index "PRIMARY_KEY_5" already exists; SQL statement:
CREATE UNIQUE INDEX PRIMARY_KEY_5 ON PUBLIC.CUSTOMER (CUSTOMER_ID) [42111-210]
	at org.h2.message.DbException.getJdbcSQLException(DbException.java:521)
	at org.h2.message.DbException.getJdbcSQLException(DbException.java:496)
	at org.h2.message.DbException.get(DbException.java:227)
	at org.h2.message.DbException.get(DbException.java:203)
	at org.h2.command.ddl.CreateIndex.update(CreateIndex.java:74)
	at org.h2.command.CommandContainer.update(CommandContainer.java:174)
	at org.h2.command.Command.executeUpdate(Command.java:252)
	at org.h2.jdbc.JdbcStatement.executeInternal(JdbcStatement.java:252)
	at org.h2.jdbc.JdbcStatement.execute(JdbcStatement.java:223)
	at org.jkiss.dbeaver.model.impl.jdbc.exec.JDBCStatementImpl.execute(JDBCStatementImpl.java:328)
	at org.jkiss.dbeaver.model.impl.jdbc.exec.JDBCStatementImpl.executeStatement(JDBCStatementImpl.java:132)
	... 13 more
2025-09-22 10:43:34.438 - SQL Error [42111] [42S11]: Index "CUSTOMER_UNIQUE_INDEX_5" already exists; SQL statement:
CREATE UNIQUE INDEX CUSTOMER_UNIQUE_INDEX_5 ON PUBLIC.CUSTOMER (CODE) [42111-210]
org.jkiss.dbeaver.model.sql.DBSQLException: SQL Error [42111] [42S11]: Index "CUSTOMER_UNIQUE_INDEX_5" already exists; SQL statement:
CREATE UNIQUE INDEX CUSTOMER_UNIQUE_INDEX_5 ON PUBLIC.CUSTOMER (CODE) [42111-210]
	at org.jkiss.dbeaver.model.impl.jdbc.exec.JDBCStatementImpl.executeStatement(JDBCStatementImpl.java:134)
	at org.jkiss.dbeaver.ui.editors.sql.execute.SQLQueryJob.executeStatement(SQLQueryJob.java:675)
	at org.jkiss.dbeaver.ui.editors.sql.execute.SQLQueryJob.lambda$2(SQLQueryJob.java:568)
	at org.jkiss.dbeaver.model.exec.DBExecUtils.tryExecuteRecover(DBExecUtils.java:189)
	at org.jkiss.dbeaver.ui.editors.sql.execute.SQLQueryJob.executeSingleElement(SQLQueryJob.java:587)
	at org.jkiss.dbeaver.ui.editors.sql.execute.SQLQueryJob.executeSingleQuery(SQLQueryJob.java:449)
	at org.jkiss.dbeaver.ui.editors.sql.execute.SQLQueryJob.extractData(SQLQueryJob.java:1061)
	at org.jkiss.dbeaver.ui.editors.sql.SQLEditor$QueryResultsContainer.readData(SQLEditor.java:4568)
	at org.jkiss.dbeaver.ui.controls.resultset.ResultSetJobDataRead.lambda$0(ResultSetJobDataRead.java:128)
	at org.jkiss.dbeaver.model.exec.DBExecUtils.tryExecuteRecover(DBExecUtils.java:189)
	at org.jkiss.dbeaver.ui.controls.resultset.ResultSetJobDataRead.run(ResultSetJobDataRead.java:126)
	at org.jkiss.dbeaver.ui.controls.resultset.ResultSetViewer$ResultSetDataPumpJob.run(ResultSetViewer.java:5155)
	at org.jkiss.dbeaver.model.runtime.AbstractJob.run(AbstractJob.java:119)
	at org.eclipse.core.internal.jobs.Worker.run(Worker.java:63)
Caused by: org.h2.jdbc.JdbcSQLSyntaxErrorException: Index "CUSTOMER_UNIQUE_INDEX_5" already exists; SQL statement:
CREATE UNIQUE INDEX CUSTOMER_UNIQUE_INDEX_5 ON PUBLIC.CUSTOMER (CODE) [42111-210]
	at org.h2.message.DbException.getJdbcSQLException(DbException.java:521)
	at org.h2.message.DbException.getJdbcSQLException(DbException.java:496)
	at org.h2.message.DbException.get(DbException.java:227)
	at org.h2.message.DbException.get(DbException.java:203)
	at org.h2.command.ddl.CreateIndex.update(CreateIndex.java:74)
	at org.h2.command.CommandContainer.update(CommandContainer.java:174)
	at org.h2.command.Command.executeUpdate(Command.java:252)
	at org.h2.jdbc.JdbcStatement.executeInternal(JdbcStatement.java:252)
	at org.h2.jdbc.JdbcStatement.execute(JdbcStatement.java:223)
	at org.jkiss.dbeaver.model.impl.jdbc.exec.JDBCStatementImpl.execute(JDBCStatementImpl.java:328)
	at org.jkiss.dbeaver.model.impl.jdbc.exec.JDBCStatementImpl.executeStatement(JDBCStatementImpl.java:132)
	... 13 more
> Start Log View [org.eclipse.ui.views.log 1.4.800.v20250426-1716]
> Start DBeaver Tasks View [org.jkiss.dbeaver.tasks.ui.view 1.0.112.202509211659]
> Start DBeaver Tasks - General UI [org.jkiss.dbeaver.tasks.ui 1.0.141.202509211659]
> Start DBeaver Dashboards Model [org.jkiss.dbeaver.model.dashboard 1.0.36.202509211659]
2025-09-22 10:58:51.080 - Connect with 'testdb' (h2_embedded_v2-19971ad4474-1061a59c085b58ca)
2025-09-22 10:58:51.099 - Execution context opened (testdb; Main; 2)
2025-09-22 10:58:51.110 - Error setting client application name: Client info name 'ApplicationName' not supported.
2025-09-22 10:58:51.163 - Connected (h2_embedded_v2-19971ad4474-1061a59c085b58ca, H2 JDBC Driver [2.1.210 (2022-01-17)])
2025-09-22 10:59:03.506 - Execution context closed (testdb, 2)
2025-09-22 10:59:03.507 - Disconnected (h2_embedded_v2-19971ad4474-1061a59c085b58ca)
2025-09-22 10:59:15.106 - Execution context closed (H2 StagingDB, 0)
2025-09-22 10:59:15.106 - Disconnected (h2_embedded_v2-1993f1a5cb9-212b3ebca436d09)
2025-09-22 10:59:20.879 - Connect with 'H2 StagingDB' (h2_embedded_v2-1993f1a5cb9-212b3ebca436d09)
2025-09-22 10:59:20.882 - Execution context opened (H2 StagingDB; Main; 3)
2025-09-22 10:59:20.920 - Error setting client application name: Client info name 'ApplicationName' not supported.
2025-09-22 10:59:20.935 - Connected (h2_embedded_v2-1993f1a5cb9-212b3ebca436d09, H2 JDBC Driver [2.1.210 (2022-01-17)])
2025-09-22 11:01:28.799 - Connect with 'testdb' (h2_embedded_v2-19971ad4474-1061a59c085b58ca)
2025-09-22 11:01:28.801 - Execution context opened (testdb; Main; 4)
2025-09-22 11:01:28.803 - Error setting client application name: Client info name 'ApplicationName' not supported.
2025-09-22 11:01:28.817 - Connected (h2_embedded_v2-19971ad4474-1061a59c085b58ca, H2 JDBC Driver [2.1.210 (2022-01-17)])
2025-09-22 11:01:33.475 - Dispose navigator model
2025-09-22 11:01:33.568 - DBeaver is stopping
2025-09-22 11:01:33.575 - Stop instance server
2025-09-22 11:01:34.583 - Instance server has been stopped
2025-09-22 11:01:34.583 - DBeaver shutdown completed
